{"C:\\Users\\richi\\microfrontends-rick-morty\\rick_morty_remote\\src\\app\\App.tsx": {"path":"C:\\Users\\richi\\microfrontends-rick-morty\\rick_morty_remote\\src\\app\\App.tsx","statementMap":{"0":{"start":{"line":1,"column":0},"end":{"line":1,"column":32}},"1":{"start":{"line":2,"column":0},"end":{"line":2,"column":55}},"2":{"start":{"line":3,"column":0},"end":{"line":3,"column":61}},"3":{"start":{"line":4,"column":0},"end":{"line":4,"column":62}},"4":{"start":{"line":8,"column":26},"end":{"line":8,"column":41}},"5":{"start":{"line":10,"column":29},"end":{"line":10,"column":49}},"6":{"start":{"line":10,"column":35},"end":{"line":10,"column":49}},"7":{"start":{"line":11,"column":28},"end":{"line":11,"column":47}},"8":{"start":{"line":11,"column":34},"end":{"line":11,"column":47}},"9":{"start":{"line":13,"column":35},"end":{"line":32,"column":null}},"10":{"start":{"line":34,"column":2},"end":{"line":44,"column":null}},"11":{"start":{"line":47,"column":0},"end":{"line":47,"column":null}}},"fnMap":{"0":{"name":"App","decl":{"start":{"line":7,"column":9},"end":{"line":7,"column":12}},"loc":{"start":{"line":7,"column":12},"end":{"line":45,"column":1}}},"1":{"name":"(anonymous_2)","decl":{"start":{"line":10,"column":29},"end":{"line":10,"column":32}},"loc":{"start":{"line":10,"column":35},"end":{"line":10,"column":49}}},"2":{"name":"(anonymous_3)","decl":{"start":{"line":11,"column":28},"end":{"line":11,"column":31}},"loc":{"start":{"line":11,"column":34},"end":{"line":11,"column":47}}}},"branchMap":{},"s":{"0":0,"1":0,"2":0,"3":0,"4":0,"5":0,"6":0,"7":0,"8":0,"9":0,"10":0,"11":0},"f":{"0":0,"1":0,"2":0},"b":{}}
,"C:\\Users\\richi\\microfrontends-rick-morty\\rick_morty_remote\\src\\app\\main.tsx": {"path":"C:\\Users\\richi\\microfrontends-rick-morty\\rick_morty_remote\\src\\app\\main.tsx","statementMap":{"0":{"start":{"line":1,"column":0},"end":{"line":1,"column":34}},"1":{"start":{"line":2,"column":0},"end":{"line":2,"column":45}},"2":{"start":{"line":3,"column":0},"end":{"line":3,"column":48}},"3":{"start":{"line":4,"column":0},"end":{"line":4,"column":27}},"4":{"start":{"line":5,"column":0},"end":{"line":5,"column":21}},"5":{"start":{"line":7,"column":0},"end":{"line":13,"column":null}}},"fnMap":{},"branchMap":{},"s":{"0":0,"1":0,"2":0,"3":0,"4":0,"5":0},"f":{},"b":{}}
,"C:\\Users\\richi\\microfrontends-rick-morty\\rick_morty_remote\\src\\components\\CharacterCard.tsx": {"path":"C:\\Users\\richi\\microfrontends-rick-morty\\rick_morty_remote\\src\\components\\CharacterCard.tsx","statementMap":{"0":{"start":{"line":1,"column":0},"end":{"line":1,"column":30}},"1":{"start":{"line":2,"column":0},"end":{"line":2,"column":50}},"2":{"start":{"line":4,"column":0},"end":{"line":4,"column":51}},"3":{"start":{"line":5,"column":0},"end":{"line":5,"column":62}},"4":{"start":{"line":12,"column":52},"end":{"line":89,"column":1}},"5":{"start":{"line":16,"column":22},"end":{"line":18,"column":3}},"6":{"start":{"line":17,"column":4},"end":{"line":17,"column":null}},"7":{"start":{"line":20,"column":42},"end":{"line":20,"column":61}},"8":{"start":{"line":21,"column":30},"end":{"line":23,"column":4}},"9":{"start":{"line":22,"column":4},"end":{"line":22,"column":null}},"10":{"start":{"line":22,"column":47},"end":{"line":22,"column":70}},"11":{"start":{"line":25,"column":30},"end":{"line":32,"column":3}},"12":{"start":{"line":26,"column":4},"end":{"line":26,"column":null}},"13":{"start":{"line":27,"column":4},"end":{"line":31,"column":5}},"14":{"start":{"line":28,"column":6},"end":{"line":28,"column":null}},"15":{"start":{"line":30,"column":6},"end":{"line":30,"column":null}},"16":{"start":{"line":34,"column":2},"end":{"line":88,"column":null}},"17":{"start":{"line":91,"column":0},"end":{"line":91,"column":null}}},"fnMap":{"0":{"name":"(anonymous_10)","decl":{"start":{"line":12,"column":52},"end":{"line":12,"column":53}},"loc":{"start":{"line":15,"column":5},"end":{"line":89,"column":1}}},"1":{"name":"(anonymous_11)","decl":{"start":{"line":16,"column":22},"end":{"line":16,"column":25}},"loc":{"start":{"line":16,"column":27},"end":{"line":18,"column":3}}},"2":{"name":"(anonymous_12)","decl":{"start":{"line":21,"column":48},"end":{"line":21,"column":49}},"loc":{"start":{"line":21,"column":63},"end":{"line":23,"column":3}}},"3":{"name":"(anonymous_13)","decl":{"start":{"line":22,"column":33},"end":{"line":22,"column":34}},"loc":{"start":{"line":22,"column":47},"end":{"line":22,"column":70}}},"4":{"name":"(anonymous_14)","decl":{"start":{"line":25,"column":30},"end":{"line":25,"column":31}},"loc":{"start":{"line":25,"column":54},"end":{"line":32,"column":3}}}},"branchMap":{"0":{"loc":{"start":{"line":22,"column":11},"end":{"line":22,"column":80}},"type":"binary-expr","locations":[{"start":{"line":22,"column":11},"end":{"line":22,"column":71}},{"start":{"line":22,"column":75},"end":{"line":22,"column":80}}]},"1":{"loc":{"start":{"line":27,"column":4},"end":{"line":31,"column":5}},"type":"if","locations":[{"start":{"line":27,"column":4},"end":{"line":31,"column":5}},{"start":{"line":29,"column":11},"end":{"line":31,"column":5}}]},"2":{"loc":{"start":{"line":49,"column":13},"end":{"line":52,"column":null}},"type":"cond-expr","locations":[{"start":{"line":50,"column":14},"end":{"line":50,"column":51}},{"start":{"line":52,"column":14},"end":{"line":52,"column":34}}]}},"s":{"0":1,"1":1,"2":1,"3":1,"4":1,"5":6,"6":1,"7":6,"8":6,"9":6,"10":2,"11":6,"12":2,"13":2,"14":1,"15":1,"16":6,"17":1},"f":{"0":6,"1":1,"2":6,"3":2,"4":2},"b":{"0":[6,4],"1":[1,1],"2":[2,4]}}
,"C:\\Users\\richi\\microfrontends-rick-morty\\rick_morty_remote\\src\\components\\CharacterDetails.tsx": {"path":"C:\\Users\\richi\\microfrontends-rick-morty\\rick_morty_remote\\src\\components\\CharacterDetails.tsx","statementMap":{"0":{"start":{"line":1,"column":0},"end":{"line":1,"column":30}},"1":{"start":{"line":2,"column":0},"end":{"line":2,"column":41}},"2":{"start":{"line":4,"column":0},"end":{"line":4,"column":50}},"3":{"start":{"line":5,"column":0},"end":{"line":5,"column":41}},"4":{"start":{"line":13,"column":58},"end":{"line":122,"column":1}},"5":{"start":{"line":18,"column":23},"end":{"line":18,"column":70}},"6":{"start":{"line":19,"column":2},"end":{"line":121,"column":null}},"7":{"start":{"line":124,"column":0},"end":{"line":124,"column":null}}},"fnMap":{"0":{"name":"(anonymous_10)","decl":{"start":{"line":13,"column":58},"end":{"line":13,"column":59}},"loc":{"start":{"line":17,"column":5},"end":{"line":122,"column":1}}}},"branchMap":{},"s":{"0":1,"1":1,"2":1,"3":1,"4":1,"5":5,"6":5,"7":1},"f":{"0":5},"b":{}}
,"C:\\Users\\richi\\microfrontends-rick-morty\\rick_morty_remote\\src\\components\\CharacterSearcher.tsx": {"path":"C:\\Users\\richi\\microfrontends-rick-morty\\rick_morty_remote\\src\\components\\CharacterSearcher.tsx","statementMap":{"0":{"start":{"line":1,"column":0},"end":{"line":1,"column":30}},"1":{"start":{"line":2,"column":0},"end":{"line":2,"column":64}},"2":{"start":{"line":3,"column":0},"end":{"line":3,"column":41}},"3":{"start":{"line":4,"column":0},"end":{"line":4,"column":62}},"4":{"start":{"line":6,"column":26},"end":{"line":46,"column":1}},"5":{"start":{"line":7,"column":40},"end":{"line":7,"column":59}},"6":{"start":{"line":8,"column":38},"end":{"line":8,"column":58}},"7":{"start":{"line":9,"column":29},"end":{"line":9,"column":56}},"8":{"start":{"line":11,"column":28},"end":{"line":24,"column":null}},"9":{"start":{"line":13,"column":19},"end":{"line":13,"column":37}},"10":{"start":{"line":14,"column":6},"end":{"line":14,"column":null}},"11":{"start":{"line":16,"column":6},"end":{"line":18,"column":7}},"12":{"start":{"line":17,"column":8},"end":{"line":17,"column":null}},"13":{"start":{"line":20,"column":6},"end":{"line":22,"column":null}},"14":{"start":{"line":21,"column":8},"end":{"line":21,"column":null}},"15":{"start":{"line":27,"column":2},"end":{"line":31,"column":null}},"16":{"start":{"line":28,"column":4},"end":{"line":30,"column":5}},"17":{"start":{"line":29,"column":6},"end":{"line":29,"column":null}},"18":{"start":{"line":33,"column":2},"end":{"line":45,"column":null}},"19":{"start":{"line":48,"column":0},"end":{"line":48,"column":null}}},"fnMap":{"0":{"name":"(anonymous_10)","decl":{"start":{"line":6,"column":26},"end":{"line":6,"column":29}},"loc":{"start":{"line":6,"column":31},"end":{"line":46,"column":1}}},"1":{"name":"(anonymous_11)","decl":{"start":{"line":12,"column":4},"end":{"line":12,"column":5}},"loc":{"start":{"line":12,"column":51},"end":{"line":23,"column":5}}},"2":{"name":"(anonymous_12)","decl":{"start":{"line":20,"column":53},"end":{"line":20,"column":56}},"loc":{"start":{"line":20,"column":58},"end":{"line":22,"column":7}}},"3":{"name":"(anonymous_13)","decl":{"start":{"line":27,"column":12},"end":{"line":27,"column":15}},"loc":{"start":{"line":27,"column":17},"end":{"line":31,"column":3}}}},"branchMap":{"0":{"loc":{"start":{"line":16,"column":6},"end":{"line":18,"column":7}},"type":"if","locations":[{"start":{"line":16,"column":6},"end":{"line":18,"column":7}}]},"1":{"loc":{"start":{"line":28,"column":4},"end":{"line":30,"column":5}},"type":"if","locations":[{"start":{"line":28,"column":4},"end":{"line":30,"column":5}}]}},"s":{"0":1,"1":1,"2":1,"3":1,"4":1,"5":11,"6":11,"7":11,"8":11,"9":2,"10":2,"11":2,"12":0,"13":2,"14":2,"15":11,"16":6,"17":4,"18":11,"19":1},"f":{"0":11,"1":2,"2":2,"3":6},"b":{"0":[0],"1":[4]}}
,"C:\\Users\\richi\\microfrontends-rick-morty\\rick_morty_remote\\src\\components\\CharactersFilters.tsx": {"path":"C:\\Users\\richi\\microfrontends-rick-morty\\rick_morty_remote\\src\\components\\CharactersFilters.tsx","statementMap":{"0":{"start":{"line":1,"column":0},"end":{"line":1,"column":65}},"1":{"start":{"line":2,"column":0},"end":{"line":2,"column":41}},"2":{"start":{"line":3,"column":0},"end":{"line":3,"column":45}},"3":{"start":{"line":4,"column":0},"end":{"line":4,"column":62}},"4":{"start":{"line":11,"column":25},"end":{"line":216,"column":1}},"5":{"start":{"line":12,"column":26},"end":{"line":12,"column":41}},"6":{"start":{"line":13,"column":22},"end":{"line":13,"column":59}},"7":{"start":{"line":13,"column":40},"end":{"line":13,"column":54}},"8":{"start":{"line":14,"column":21},"end":{"line":14,"column":57}},"9":{"start":{"line":14,"column":39},"end":{"line":14,"column":52}},"10":{"start":{"line":23,"column":6},"end":{"line":23,"column":25}},"11":{"start":{"line":25,"column":46},"end":{"line":25,"column":77}},"12":{"start":{"line":26,"column":44},"end":{"line":26,"column":74}},"13":{"start":{"line":27,"column":44},"end":{"line":27,"column":74}},"14":{"start":{"line":29,"column":2},"end":{"line":35,"column":null}},"15":{"start":{"line":30,"column":4},"end":{"line":34,"column":5}},"16":{"start":{"line":31,"column":6},"end":{"line":31,"column":null}},"17":{"start":{"line":32,"column":6},"end":{"line":32,"column":null}},"18":{"start":{"line":33,"column":6},"end":{"line":33,"column":null}},"19":{"start":{"line":37,"column":27},"end":{"line":59,"column":null}},"20":{"start":{"line":38,"column":11},"end":{"line":51,"column":6}},"21":{"start":{"line":62,"column":28},"end":{"line":67,"column":null}},"22":{"start":{"line":64,"column":32},"end":{"line":64,"column":54}},"23":{"start":{"line":65,"column":6},"end":{"line":65,"column":null}},"24":{"start":{"line":70,"column":25},"end":{"line":74,"column":null}},"25":{"start":{"line":72,"column":6},"end":{"line":72,"column":null}},"26":{"start":{"line":77,"column":29},"end":{"line":94,"column":4}},"27":{"start":{"line":78,"column":4},"end":{"line":78,"column":null}},"28":{"start":{"line":78,"column":42},"end":{"line":78,"column":null}},"29":{"start":{"line":79,"column":4},"end":{"line":79,"column":null}},"30":{"start":{"line":79,"column":40},"end":{"line":79,"column":null}},"31":{"start":{"line":80,"column":4},"end":{"line":80,"column":null}},"32":{"start":{"line":80,"column":40},"end":{"line":80,"column":null}},"33":{"start":{"line":82,"column":4},"end":{"line":82,"column":null}},"34":{"start":{"line":96,"column":32},"end":{"line":104,"column":36}},"35":{"start":{"line":97,"column":4},"end":{"line":97,"column":null}},"36":{"start":{"line":98,"column":4},"end":{"line":98,"column":null}},"37":{"start":{"line":99,"column":4},"end":{"line":99,"column":null}},"38":{"start":{"line":101,"column":4},"end":{"line":101,"column":null}},"39":{"start":{"line":103,"column":4},"end":{"line":103,"column":null}},"40":{"start":{"line":106,"column":41},"end":{"line":111,"column":null}},"41":{"start":{"line":113,"column":40},"end":{"line":117,"column":null}},"42":{"start":{"line":119,"column":40},"end":{"line":122,"column":null}},"43":{"start":{"line":124,"column":23},"end":{"line":124,"column":54}},"44":{"start":{"line":126,"column":2},"end":{"line":215,"column":null}},"45":{"start":{"line":154,"column":18},"end":{"line":155,"column":null}},"46":{"start":{"line":158,"column":35},"end":{"line":158,"column":77}},"47":{"start":{"line":169,"column":18},"end":{"line":170,"column":null}},"48":{"start":{"line":173,"column":35},"end":{"line":173,"column":76}},"49":{"start":{"line":184,"column":18},"end":{"line":185,"column":null}},"50":{"start":{"line":188,"column":35},"end":{"line":188,"column":76}},"51":{"start":{"line":218,"column":0},"end":{"line":218,"column":null}}},"fnMap":{"0":{"name":"(anonymous_1)","decl":{"start":{"line":11,"column":25},"end":{"line":11,"column":26}},"loc":{"start":{"line":11,"column":40},"end":{"line":216,"column":1}}},"1":{"name":"(anonymous_2)","decl":{"start":{"line":13,"column":34},"end":{"line":13,"column":37}},"loc":{"start":{"line":13,"column":40},"end":{"line":13,"column":54}}},"2":{"name":"(anonymous_3)","decl":{"start":{"line":14,"column":33},"end":{"line":14,"column":36}},"loc":{"start":{"line":14,"column":39},"end":{"line":14,"column":52}}},"3":{"name":"(anonymous_4)","decl":{"start":{"line":29,"column":12},"end":{"line":29,"column":15}},"loc":{"start":{"line":29,"column":17},"end":{"line":35,"column":3}}},"4":{"name":"(anonymous_5)","decl":{"start":{"line":38,"column":4},"end":{"line":38,"column":7}},"loc":{"start":{"line":38,"column":11},"end":{"line":51,"column":6}}},"5":{"name":"(anonymous_6)","decl":{"start":{"line":63,"column":4},"end":{"line":63,"column":5}},"loc":{"start":{"line":63,"column":61},"end":{"line":66,"column":5}}},"6":{"name":"(anonymous_7)","decl":{"start":{"line":71,"column":4},"end":{"line":71,"column":5}},"loc":{"start":{"line":71,"column":61},"end":{"line":73,"column":5}}},"7":{"name":"(anonymous_8)","decl":{"start":{"line":77,"column":41},"end":{"line":77,"column":44}},"loc":{"start":{"line":77,"column":46},"end":{"line":83,"column":3}}},"8":{"name":"(anonymous_9)","decl":{"start":{"line":96,"column":44},"end":{"line":96,"column":47}},"loc":{"start":{"line":96,"column":49},"end":{"line":104,"column":3}}},"9":{"name":"(anonymous_10)","decl":{"start":{"line":153,"column":36},"end":{"line":153,"column":37}},"loc":{"start":{"line":154,"column":18},"end":{"line":155,"column":null}}},"10":{"name":"(anonymous_11)","decl":{"start":{"line":158,"column":29},"end":{"line":158,"column":32}},"loc":{"start":{"line":158,"column":35},"end":{"line":158,"column":77}}},"11":{"name":"(anonymous_12)","decl":{"start":{"line":168,"column":35},"end":{"line":168,"column":36}},"loc":{"start":{"line":169,"column":18},"end":{"line":170,"column":null}}},"12":{"name":"(anonymous_13)","decl":{"start":{"line":173,"column":29},"end":{"line":173,"column":32}},"loc":{"start":{"line":173,"column":35},"end":{"line":173,"column":76}}},"13":{"name":"(anonymous_14)","decl":{"start":{"line":183,"column":35},"end":{"line":183,"column":36}},"loc":{"start":{"line":184,"column":18},"end":{"line":185,"column":null}}},"14":{"name":"(anonymous_15)","decl":{"start":{"line":188,"column":29},"end":{"line":188,"column":32}},"loc":{"start":{"line":188,"column":35},"end":{"line":188,"column":76}}}},"branchMap":{"0":{"loc":{"start":{"line":30,"column":4},"end":{"line":34,"column":5}},"type":"if","locations":[{"start":{"line":30,"column":4},"end":{"line":34,"column":5}}]},"1":{"loc":{"start":{"line":65,"column":13},"end":{"line":65,"column":41}},"type":"cond-expr","locations":[{"start":{"line":65,"column":31},"end":{"line":65,"column":33}},{"start":{"line":65,"column":36},"end":{"line":65,"column":41}}]},"2":{"loc":{"start":{"line":78,"column":4},"end":{"line":78,"column":null}},"type":"if","locations":[{"start":{"line":78,"column":4},"end":{"line":78,"column":null}}]},"3":{"loc":{"start":{"line":79,"column":4},"end":{"line":79,"column":null}},"type":"if","locations":[{"start":{"line":79,"column":4},"end":{"line":79,"column":null}}]},"4":{"loc":{"start":{"line":80,"column":4},"end":{"line":80,"column":null}},"type":"if","locations":[{"start":{"line":80,"column":4},"end":{"line":80,"column":null}}]},"5":{"loc":{"start":{"line":157,"column":51},"end":{"line":157,"column":134}},"type":"cond-expr","locations":[{"start":{"line":157,"column":93},"end":{"line":157,"column":108}},{"start":{"line":157,"column":111},"end":{"line":157,"column":134}}]},"6":{"loc":{"start":{"line":172,"column":51},"end":{"line":172,"column":133}},"type":"cond-expr","locations":[{"start":{"line":172,"column":92},"end":{"line":172,"column":107}},{"start":{"line":172,"column":110},"end":{"line":172,"column":133}}]},"7":{"loc":{"start":{"line":187,"column":51},"end":{"line":187,"column":133}},"type":"cond-expr","locations":[{"start":{"line":187,"column":92},"end":{"line":187,"column":107}},{"start":{"line":187,"column":110},"end":{"line":187,"column":133}}]}},"s":{"0":1,"1":1,"2":1,"3":1,"4":1,"5":37,"6":37,"7":3,"8":37,"9":9,"10":37,"11":37,"12":37,"13":37,"14":37,"15":21,"16":9,"17":9,"18":9,"19":37,"20":18,"21":37,"22":7,"23":7,"24":37,"25":333,"26":37,"27":1,"28":1,"29":1,"30":1,"31":1,"32":1,"33":1,"34":37,"35":1,"36":1,"37":1,"38":1,"39":1,"40":37,"41":37,"42":37,"43":37,"44":37,"45":148,"46":3,"47":111,"48":2,"49":74,"50":2,"51":1},"f":{"0":37,"1":3,"2":9,"3":21,"4":18,"5":7,"6":333,"7":1,"8":1,"9":148,"10":3,"11":111,"12":2,"13":74,"14":2},"b":{"0":[9],"1":[1,6],"2":[1],"3":[1],"4":[1],"5":[12,136],"6":[8,103],"7":[7,67]}}
,"C:\\Users\\richi\\microfrontends-rick-morty\\rick_morty_remote\\src\\interfaces\\Characters.ts": {"path":"C:\\Users\\richi\\microfrontends-rick-morty\\rick_morty_remote\\src\\interfaces\\Characters.ts","statementMap":{"0":{"start":{"line":34,"column":13},"end":{"line":34,"column":null}}},"fnMap":{},"branchMap":{},"s":{"0":0},"f":{},"b":{}}
}
