{"C:\\Users\\richi\\microfrontends-rick-morty\\rick_morty_remote\\src\\app\\App.tsx": {"path":"C:\\Users\\richi\\microfrontends-rick-morty\\rick_morty_remote\\src\\app\\App.tsx","statementMap":{"0":{"start":{"line":1,"column":0},"end":{"line":1,"column":32}},"1":{"start":{"line":2,"column":0},"end":{"line":2,"column":55}},"2":{"start":{"line":3,"column":0},"end":{"line":3,"column":61}},"3":{"start":{"line":4,"column":0},"end":{"line":4,"column":62}},"4":{"start":{"line":8,"column":26},"end":{"line":8,"column":41}},"5":{"start":{"line":10,"column":29},"end":{"line":10,"column":49}},"6":{"start":{"line":10,"column":35},"end":{"line":10,"column":49}},"7":{"start":{"line":11,"column":28},"end":{"line":11,"column":47}},"8":{"start":{"line":11,"column":34},"end":{"line":11,"column":47}},"9":{"start":{"line":13,"column":35},"end":{"line":32,"column":null}},"10":{"start":{"line":34,"column":2},"end":{"line":44,"column":null}},"11":{"start":{"line":47,"column":0},"end":{"line":47,"column":null}}},"fnMap":{"0":{"name":"App","decl":{"start":{"line":7,"column":9},"end":{"line":7,"column":12}},"loc":{"start":{"line":7,"column":12},"end":{"line":45,"column":1}}},"1":{"name":"(anonymous_1)","decl":{"start":{"line":10,"column":29},"end":{"line":10,"column":32}},"loc":{"start":{"line":10,"column":35},"end":{"line":10,"column":49}}},"2":{"name":"(anonymous_2)","decl":{"start":{"line":11,"column":28},"end":{"line":11,"column":31}},"loc":{"start":{"line":11,"column":34},"end":{"line":11,"column":47}}}},"branchMap":{},"s":{"0":0,"1":0,"2":0,"3":0,"4":0,"5":0,"6":0,"7":0,"8":0,"9":0,"10":0,"11":0},"f":{"0":0,"1":0,"2":0},"b":{}}
,"C:\\Users\\richi\\microfrontends-rick-morty\\rick_morty_remote\\src\\app\\main.tsx": {"path":"C:\\Users\\richi\\microfrontends-rick-morty\\rick_morty_remote\\src\\app\\main.tsx","statementMap":{"0":{"start":{"line":1,"column":0},"end":{"line":1,"column":34}},"1":{"start":{"line":2,"column":0},"end":{"line":2,"column":45}},"2":{"start":{"line":3,"column":0},"end":{"line":3,"column":48}},"3":{"start":{"line":4,"column":0},"end":{"line":4,"column":27}},"4":{"start":{"line":5,"column":0},"end":{"line":5,"column":21}},"5":{"start":{"line":7,"column":0},"end":{"line":13,"column":null}}},"fnMap":{},"branchMap":{},"s":{"0":0,"1":0,"2":0,"3":0,"4":0,"5":0},"f":{},"b":{}}
,"C:\\Users\\richi\\microfrontends-rick-morty\\rick_morty_remote\\src\\components\\CharacterCard.tsx": {"path":"C:\\Users\\richi\\microfrontends-rick-morty\\rick_morty_remote\\src\\components\\CharacterCard.tsx","statementMap":{"0":{"start":{"line":1,"column":0},"end":{"line":1,"column":30}},"1":{"start":{"line":2,"column":0},"end":{"line":2,"column":50}},"2":{"start":{"line":4,"column":0},"end":{"line":4,"column":51}},"3":{"start":{"line":5,"column":0},"end":{"line":5,"column":62}},"4":{"start":{"line":12,"column":52},"end":{"line":88,"column":1}},"5":{"start":{"line":16,"column":22},"end":{"line":18,"column":3}},"6":{"start":{"line":17,"column":4},"end":{"line":17,"column":null}},"7":{"start":{"line":20,"column":42},"end":{"line":20,"column":61}},"8":{"start":{"line":21,"column":30},"end":{"line":23,"column":4}},"9":{"start":{"line":22,"column":4},"end":{"line":22,"column":null}},"10":{"start":{"line":22,"column":47},"end":{"line":22,"column":70}},"11":{"start":{"line":25,"column":30},"end":{"line":32,"column":3}},"12":{"start":{"line":26,"column":4},"end":{"line":26,"column":null}},"13":{"start":{"line":27,"column":4},"end":{"line":31,"column":5}},"14":{"start":{"line":28,"column":6},"end":{"line":28,"column":null}},"15":{"start":{"line":30,"column":6},"end":{"line":30,"column":null}},"16":{"start":{"line":34,"column":2},"end":{"line":87,"column":null}},"17":{"start":{"line":90,"column":0},"end":{"line":90,"column":null}}},"fnMap":{"0":{"name":"(anonymous_0)","decl":{"start":{"line":12,"column":52},"end":{"line":12,"column":53}},"loc":{"start":{"line":15,"column":5},"end":{"line":88,"column":1}}},"1":{"name":"(anonymous_1)","decl":{"start":{"line":16,"column":22},"end":{"line":16,"column":25}},"loc":{"start":{"line":16,"column":27},"end":{"line":18,"column":3}}},"2":{"name":"(anonymous_2)","decl":{"start":{"line":21,"column":48},"end":{"line":21,"column":49}},"loc":{"start":{"line":21,"column":63},"end":{"line":23,"column":3}}},"3":{"name":"(anonymous_3)","decl":{"start":{"line":22,"column":33},"end":{"line":22,"column":34}},"loc":{"start":{"line":22,"column":47},"end":{"line":22,"column":70}}},"4":{"name":"(anonymous_4)","decl":{"start":{"line":25,"column":30},"end":{"line":25,"column":31}},"loc":{"start":{"line":25,"column":54},"end":{"line":32,"column":3}}}},"branchMap":{"0":{"loc":{"start":{"line":22,"column":11},"end":{"line":22,"column":80}},"type":"binary-expr","locations":[{"start":{"line":22,"column":11},"end":{"line":22,"column":71}},{"start":{"line":22,"column":75},"end":{"line":22,"column":80}}]},"1":{"loc":{"start":{"line":27,"column":4},"end":{"line":31,"column":5}},"type":"if","locations":[{"start":{"line":27,"column":4},"end":{"line":31,"column":5}},{"start":{"line":29,"column":11},"end":{"line":31,"column":5}}]},"2":{"loc":{"start":{"line":48,"column":13},"end":{"line":51,"column":null}},"type":"cond-expr","locations":[{"start":{"line":49,"column":14},"end":{"line":49,"column":51}},{"start":{"line":51,"column":14},"end":{"line":51,"column":34}}]}},"s":{"0":1,"1":1,"2":1,"3":1,"4":1,"5":0,"6":0,"7":0,"8":0,"9":0,"10":0,"11":0,"12":0,"13":0,"14":0,"15":0,"16":0,"17":1},"f":{"0":0,"1":0,"2":0,"3":0,"4":0},"b":{"0":[0,0],"1":[0,0],"2":[0,0]}}
,"C:\\Users\\richi\\microfrontends-rick-morty\\rick_morty_remote\\src\\components\\CharacterDetails.tsx": {"path":"C:\\Users\\richi\\microfrontends-rick-morty\\rick_morty_remote\\src\\components\\CharacterDetails.tsx","statementMap":{"0":{"start":{"line":1,"column":0},"end":{"line":1,"column":30}},"1":{"start":{"line":2,"column":0},"end":{"line":2,"column":41}},"2":{"start":{"line":4,"column":0},"end":{"line":4,"column":50}},"3":{"start":{"line":5,"column":0},"end":{"line":5,"column":41}},"4":{"start":{"line":13,"column":58},"end":{"line":116,"column":1}},"5":{"start":{"line":18,"column":2},"end":{"line":115,"column":null}},"6":{"start":{"line":118,"column":0},"end":{"line":118,"column":null}}},"fnMap":{"0":{"name":"(anonymous_0)","decl":{"start":{"line":13,"column":58},"end":{"line":13,"column":59}},"loc":{"start":{"line":17,"column":5},"end":{"line":116,"column":1}}}},"branchMap":{},"s":{"0":0,"1":0,"2":0,"3":0,"4":0,"5":0,"6":0},"f":{"0":0},"b":{}}
,"C:\\Users\\richi\\microfrontends-rick-morty\\rick_morty_remote\\src\\components\\CharacterSearcher.tsx": {"path":"C:\\Users\\richi\\microfrontends-rick-morty\\rick_morty_remote\\src\\components\\CharacterSearcher.tsx","statementMap":{"0":{"start":{"line":1,"column":0},"end":{"line":1,"column":30}},"1":{"start":{"line":2,"column":0},"end":{"line":2,"column":64}},"2":{"start":{"line":3,"column":0},"end":{"line":3,"column":41}},"3":{"start":{"line":4,"column":0},"end":{"line":4,"column":62}},"4":{"start":{"line":6,"column":26},"end":{"line":45,"column":1}},"5":{"start":{"line":7,"column":40},"end":{"line":7,"column":59}},"6":{"start":{"line":8,"column":38},"end":{"line":8,"column":58}},"7":{"start":{"line":9,"column":29},"end":{"line":9,"column":56}},"8":{"start":{"line":11,"column":28},"end":{"line":24,"column":null}},"9":{"start":{"line":13,"column":19},"end":{"line":13,"column":37}},"10":{"start":{"line":14,"column":6},"end":{"line":14,"column":null}},"11":{"start":{"line":16,"column":6},"end":{"line":18,"column":7}},"12":{"start":{"line":17,"column":8},"end":{"line":17,"column":null}},"13":{"start":{"line":20,"column":6},"end":{"line":22,"column":null}},"14":{"start":{"line":21,"column":8},"end":{"line":21,"column":null}},"15":{"start":{"line":27,"column":2},"end":{"line":31,"column":null}},"16":{"start":{"line":28,"column":4},"end":{"line":30,"column":5}},"17":{"start":{"line":29,"column":6},"end":{"line":29,"column":null}},"18":{"start":{"line":33,"column":2},"end":{"line":44,"column":null}},"19":{"start":{"line":47,"column":0},"end":{"line":47,"column":null}}},"fnMap":{"0":{"name":"(anonymous_0)","decl":{"start":{"line":6,"column":26},"end":{"line":6,"column":29}},"loc":{"start":{"line":6,"column":31},"end":{"line":45,"column":1}}},"1":{"name":"(anonymous_1)","decl":{"start":{"line":12,"column":4},"end":{"line":12,"column":5}},"loc":{"start":{"line":12,"column":51},"end":{"line":23,"column":5}}},"2":{"name":"(anonymous_2)","decl":{"start":{"line":20,"column":53},"end":{"line":20,"column":56}},"loc":{"start":{"line":20,"column":58},"end":{"line":22,"column":7}}},"3":{"name":"(anonymous_3)","decl":{"start":{"line":27,"column":12},"end":{"line":27,"column":15}},"loc":{"start":{"line":27,"column":17},"end":{"line":31,"column":3}}}},"branchMap":{"0":{"loc":{"start":{"line":16,"column":6},"end":{"line":18,"column":7}},"type":"if","locations":[{"start":{"line":16,"column":6},"end":{"line":18,"column":7}}]},"1":{"loc":{"start":{"line":28,"column":4},"end":{"line":30,"column":5}},"type":"if","locations":[{"start":{"line":28,"column":4},"end":{"line":30,"column":5}}]}},"s":{"0":0,"1":0,"2":0,"3":0,"4":0,"5":0,"6":0,"7":0,"8":0,"9":0,"10":0,"11":0,"12":0,"13":0,"14":0,"15":0,"16":0,"17":0,"18":0,"19":0},"f":{"0":0,"1":0,"2":0,"3":0},"b":{"0":[0],"1":[0]}}
,"C:\\Users\\richi\\microfrontends-rick-morty\\rick_morty_remote\\src\\components\\CharactersFilters.tsx": {"path":"C:\\Users\\richi\\microfrontends-rick-morty\\rick_morty_remote\\src\\components\\CharactersFilters.tsx","statementMap":{"0":{"start":{"line":1,"column":0},"end":{"line":1,"column":65}},"1":{"start":{"line":2,"column":0},"end":{"line":2,"column":41}},"2":{"start":{"line":3,"column":0},"end":{"line":3,"column":45}},"3":{"start":{"line":4,"column":0},"end":{"line":4,"column":62}},"4":{"start":{"line":11,"column":25},"end":{"line":212,"column":1}},"5":{"start":{"line":12,"column":26},"end":{"line":12,"column":41}},"6":{"start":{"line":13,"column":22},"end":{"line":13,"column":59}},"7":{"start":{"line":13,"column":40},"end":{"line":13,"column":54}},"8":{"start":{"line":14,"column":21},"end":{"line":14,"column":57}},"9":{"start":{"line":14,"column":39},"end":{"line":14,"column":52}},"10":{"start":{"line":23,"column":6},"end":{"line":23,"column":25}},"11":{"start":{"line":25,"column":46},"end":{"line":25,"column":77}},"12":{"start":{"line":26,"column":44},"end":{"line":26,"column":74}},"13":{"start":{"line":27,"column":44},"end":{"line":27,"column":74}},"14":{"start":{"line":29,"column":2},"end":{"line":35,"column":null}},"15":{"start":{"line":30,"column":4},"end":{"line":34,"column":5}},"16":{"start":{"line":31,"column":6},"end":{"line":31,"column":null}},"17":{"start":{"line":32,"column":6},"end":{"line":32,"column":null}},"18":{"start":{"line":33,"column":6},"end":{"line":33,"column":null}},"19":{"start":{"line":37,"column":27},"end":{"line":59,"column":null}},"20":{"start":{"line":38,"column":11},"end":{"line":51,"column":6}},"21":{"start":{"line":62,"column":28},"end":{"line":67,"column":null}},"22":{"start":{"line":64,"column":32},"end":{"line":64,"column":54}},"23":{"start":{"line":65,"column":6},"end":{"line":65,"column":null}},"24":{"start":{"line":70,"column":25},"end":{"line":74,"column":null}},"25":{"start":{"line":72,"column":6},"end":{"line":72,"column":null}},"26":{"start":{"line":77,"column":29},"end":{"line":94,"column":4}},"27":{"start":{"line":78,"column":4},"end":{"line":78,"column":null}},"28":{"start":{"line":78,"column":42},"end":{"line":78,"column":null}},"29":{"start":{"line":79,"column":4},"end":{"line":79,"column":null}},"30":{"start":{"line":79,"column":40},"end":{"line":79,"column":null}},"31":{"start":{"line":80,"column":4},"end":{"line":80,"column":null}},"32":{"start":{"line":80,"column":40},"end":{"line":80,"column":null}},"33":{"start":{"line":82,"column":4},"end":{"line":82,"column":null}},"34":{"start":{"line":96,"column":32},"end":{"line":104,"column":36}},"35":{"start":{"line":97,"column":4},"end":{"line":97,"column":null}},"36":{"start":{"line":98,"column":4},"end":{"line":98,"column":null}},"37":{"start":{"line":99,"column":4},"end":{"line":99,"column":null}},"38":{"start":{"line":101,"column":4},"end":{"line":101,"column":null}},"39":{"start":{"line":103,"column":4},"end":{"line":103,"column":null}},"40":{"start":{"line":106,"column":41},"end":{"line":111,"column":null}},"41":{"start":{"line":113,"column":40},"end":{"line":117,"column":null}},"42":{"start":{"line":119,"column":40},"end":{"line":122,"column":null}},"43":{"start":{"line":124,"column":2},"end":{"line":211,"column":null}},"44":{"start":{"line":150,"column":18},"end":{"line":156,"column":null}},"45":{"start":{"line":154,"column":35},"end":{"line":154,"column":77}},"46":{"start":{"line":165,"column":18},"end":{"line":171,"column":null}},"47":{"start":{"line":169,"column":35},"end":{"line":169,"column":76}},"48":{"start":{"line":180,"column":18},"end":{"line":186,"column":null}},"49":{"start":{"line":184,"column":35},"end":{"line":184,"column":76}},"50":{"start":{"line":214,"column":0},"end":{"line":214,"column":null}}},"fnMap":{"0":{"name":"(anonymous_0)","decl":{"start":{"line":11,"column":25},"end":{"line":11,"column":26}},"loc":{"start":{"line":11,"column":40},"end":{"line":212,"column":1}}},"1":{"name":"(anonymous_1)","decl":{"start":{"line":13,"column":34},"end":{"line":13,"column":37}},"loc":{"start":{"line":13,"column":40},"end":{"line":13,"column":54}}},"2":{"name":"(anonymous_2)","decl":{"start":{"line":14,"column":33},"end":{"line":14,"column":36}},"loc":{"start":{"line":14,"column":39},"end":{"line":14,"column":52}}},"3":{"name":"(anonymous_3)","decl":{"start":{"line":29,"column":12},"end":{"line":29,"column":15}},"loc":{"start":{"line":29,"column":17},"end":{"line":35,"column":3}}},"4":{"name":"(anonymous_4)","decl":{"start":{"line":38,"column":4},"end":{"line":38,"column":7}},"loc":{"start":{"line":38,"column":11},"end":{"line":51,"column":6}}},"5":{"name":"(anonymous_5)","decl":{"start":{"line":63,"column":4},"end":{"line":63,"column":5}},"loc":{"start":{"line":63,"column":61},"end":{"line":66,"column":5}}},"6":{"name":"(anonymous_6)","decl":{"start":{"line":71,"column":4},"end":{"line":71,"column":5}},"loc":{"start":{"line":71,"column":61},"end":{"line":73,"column":5}}},"7":{"name":"(anonymous_7)","decl":{"start":{"line":77,"column":41},"end":{"line":77,"column":44}},"loc":{"start":{"line":77,"column":46},"end":{"line":83,"column":3}}},"8":{"name":"(anonymous_8)","decl":{"start":{"line":96,"column":44},"end":{"line":96,"column":47}},"loc":{"start":{"line":96,"column":49},"end":{"line":104,"column":3}}},"9":{"name":"(anonymous_9)","decl":{"start":{"line":149,"column":36},"end":{"line":149,"column":37}},"loc":{"start":{"line":150,"column":18},"end":{"line":156,"column":null}}},"10":{"name":"(anonymous_10)","decl":{"start":{"line":154,"column":29},"end":{"line":154,"column":32}},"loc":{"start":{"line":154,"column":35},"end":{"line":154,"column":77}}},"11":{"name":"(anonymous_11)","decl":{"start":{"line":164,"column":35},"end":{"line":164,"column":36}},"loc":{"start":{"line":165,"column":18},"end":{"line":171,"column":null}}},"12":{"name":"(anonymous_12)","decl":{"start":{"line":169,"column":29},"end":{"line":169,"column":32}},"loc":{"start":{"line":169,"column":35},"end":{"line":169,"column":76}}},"13":{"name":"(anonymous_13)","decl":{"start":{"line":179,"column":35},"end":{"line":179,"column":36}},"loc":{"start":{"line":180,"column":18},"end":{"line":186,"column":null}}},"14":{"name":"(anonymous_14)","decl":{"start":{"line":184,"column":29},"end":{"line":184,"column":32}},"loc":{"start":{"line":184,"column":35},"end":{"line":184,"column":76}}}},"branchMap":{"0":{"loc":{"start":{"line":30,"column":4},"end":{"line":34,"column":5}},"type":"if","locations":[{"start":{"line":30,"column":4},"end":{"line":34,"column":5}}]},"1":{"loc":{"start":{"line":65,"column":13},"end":{"line":65,"column":41}},"type":"cond-expr","locations":[{"start":{"line":65,"column":31},"end":{"line":65,"column":33}},{"start":{"line":65,"column":36},"end":{"line":65,"column":41}}]},"2":{"loc":{"start":{"line":78,"column":4},"end":{"line":78,"column":null}},"type":"if","locations":[{"start":{"line":78,"column":4},"end":{"line":78,"column":null}}]},"3":{"loc":{"start":{"line":79,"column":4},"end":{"line":79,"column":null}},"type":"if","locations":[{"start":{"line":79,"column":4},"end":{"line":79,"column":null}}]},"4":{"loc":{"start":{"line":80,"column":4},"end":{"line":80,"column":null}},"type":"if","locations":[{"start":{"line":80,"column":4},"end":{"line":80,"column":null}}]},"5":{"loc":{"start":{"line":153,"column":51},"end":{"line":153,"column":134}},"type":"cond-expr","locations":[{"start":{"line":153,"column":93},"end":{"line":153,"column":108}},{"start":{"line":153,"column":111},"end":{"line":153,"column":134}}]},"6":{"loc":{"start":{"line":168,"column":51},"end":{"line":168,"column":133}},"type":"cond-expr","locations":[{"start":{"line":168,"column":92},"end":{"line":168,"column":107}},{"start":{"line":168,"column":110},"end":{"line":168,"column":133}}]},"7":{"loc":{"start":{"line":183,"column":51},"end":{"line":183,"column":133}},"type":"cond-expr","locations":[{"start":{"line":183,"column":92},"end":{"line":183,"column":107}},{"start":{"line":183,"column":110},"end":{"line":183,"column":133}}]}},"s":{"0":0,"1":0,"2":0,"3":0,"4":0,"5":0,"6":0,"7":0,"8":0,"9":0,"10":0,"11":0,"12":0,"13":0,"14":0,"15":0,"16":0,"17":0,"18":0,"19":0,"20":0,"21":0,"22":0,"23":0,"24":0,"25":0,"26":0,"27":0,"28":0,"29":0,"30":0,"31":0,"32":0,"33":0,"34":0,"35":0,"36":0,"37":0,"38":0,"39":0,"40":0,"41":0,"42":0,"43":0,"44":0,"45":0,"46":0,"47":0,"48":0,"49":0,"50":0},"f":{"0":0,"1":0,"2":0,"3":0,"4":0,"5":0,"6":0,"7":0,"8":0,"9":0,"10":0,"11":0,"12":0,"13":0,"14":0},"b":{"0":[0],"1":[0,0],"2":[0],"3":[0],"4":[0],"5":[0,0],"6":[0,0],"7":[0,0]}}
,"C:\\Users\\richi\\microfrontends-rick-morty\\rick_morty_remote\\src\\interfaces\\Characters.ts": {"path":"C:\\Users\\richi\\microfrontends-rick-morty\\rick_morty_remote\\src\\interfaces\\Characters.ts","statementMap":{"0":{"start":{"line":34,"column":13},"end":{"line":34,"column":null}}},"fnMap":{},"branchMap":{},"s":{"0":0},"f":{},"b":{}}
,"C:\\Users\\richi\\microfrontends-rick-morty\\rick_morty_remote\\src\\stores\\useCounterStore.ts": {"path":"C:\\Users\\richi\\microfrontends-rick-morty\\rick_morty_remote\\src\\stores\\useCounterStore.ts","statementMap":{"0":{"start":{"line":1,"column":0},"end":{"line":1,"column":32}},"1":{"start":{"line":9,"column":24},"end":{"line":13,"column":3}},"2":{"start":{"line":9,"column":55},"end":{"line":13,"column":2}},"3":{"start":{"line":11,"column":19},"end":{"line":11,"column":63}},"4":{"start":{"line":11,"column":35},"end":{"line":11,"column":61}},"5":{"start":{"line":12,"column":19},"end":{"line":12,"column":63}},"6":{"start":{"line":12,"column":35},"end":{"line":12,"column":61}},"7":{"start":{"line":15,"column":0},"end":{"line":15,"column":null}}},"fnMap":{"0":{"name":"(anonymous_0)","decl":{"start":{"line":9,"column":45},"end":{"line":9,"column":46}},"loc":{"start":{"line":9,"column":55},"end":{"line":13,"column":2}}},"1":{"name":"(anonymous_1)","decl":{"start":{"line":11,"column":13},"end":{"line":11,"column":16}},"loc":{"start":{"line":11,"column":19},"end":{"line":11,"column":63}}},"2":{"name":"(anonymous_2)","decl":{"start":{"line":11,"column":23},"end":{"line":11,"column":24}},"loc":{"start":{"line":11,"column":35},"end":{"line":11,"column":61}}},"3":{"name":"(anonymous_3)","decl":{"start":{"line":12,"column":13},"end":{"line":12,"column":16}},"loc":{"start":{"line":12,"column":19},"end":{"line":12,"column":63}}},"4":{"name":"(anonymous_4)","decl":{"start":{"line":12,"column":23},"end":{"line":12,"column":24}},"loc":{"start":{"line":12,"column":35},"end":{"line":12,"column":61}}}},"branchMap":{},"s":{"0":0,"1":0,"2":0,"3":0,"4":0,"5":0,"6":0,"7":0},"f":{"0":0,"1":0,"2":0,"3":0,"4":0},"b":{}}
}
