TN:
SF:src\app\App.tsx
FN:7,App
FN:10,(anonymous_1)
FN:11,(anonymous_2)
FNF:3
FNH:0
FNDA:0,App
FNDA:0,(anonymous_1)
FNDA:0,(anonymous_2)
DA:1,0
DA:2,0
DA:3,0
DA:4,0
DA:8,0
DA:10,0
DA:11,0
DA:13,0
DA:34,0
DA:47,0
LF:10
LH:0
BRF:0
BRH:0
end_of_record
TN:
SF:src\app\main.tsx
FNF:0
FNH:0
DA:1,0
DA:2,0
DA:3,0
DA:4,0
DA:5,0
DA:7,0
LF:6
LH:0
BRF:0
BRH:0
end_of_record
TN:
SF:src\components\CharacterCard.tsx
FN:12,(anonymous_0)
FN:16,(anonymous_1)
FN:21,(anonymous_2)
FN:22,(anonymous_3)
FN:25,(anonymous_4)
FNF:5
FNH:0
FNDA:0,(anonymous_0)
FNDA:0,(anonymous_1)
FNDA:0,(anonymous_2)
FNDA:0,(anonymous_3)
FNDA:0,(anonymous_4)
DA:1,1
DA:2,1
DA:4,1
DA:5,1
DA:12,1
DA:16,0
DA:17,0
DA:20,0
DA:21,0
DA:22,0
DA:25,0
DA:26,0
DA:27,0
DA:28,0
DA:30,0
DA:34,0
DA:90,1
LF:17
LH:6
BRDA:22,0,0,0
BRDA:22,0,1,0
BRDA:27,1,0,0
BRDA:27,1,1,0
BRDA:48,2,0,0
BRDA:48,2,1,0
BRF:6
BRH:0
end_of_record
TN:
SF:src\components\CharacterDetails.tsx
FN:13,(anonymous_0)
FNF:1
FNH:0
FNDA:0,(anonymous_0)
DA:1,0
DA:2,0
DA:4,0
DA:5,0
DA:13,0
DA:18,0
DA:118,0
LF:7
LH:0
BRF:0
BRH:0
end_of_record
TN:
SF:src\components\CharacterSearcher.tsx
FN:6,(anonymous_0)
FN:12,(anonymous_1)
FN:20,(anonymous_2)
FN:27,(anonymous_3)
FNF:4
FNH:0
FNDA:0,(anonymous_0)
FNDA:0,(anonymous_1)
FNDA:0,(anonymous_2)
FNDA:0,(anonymous_3)
DA:1,0
DA:2,0
DA:3,0
DA:4,0
DA:6,0
DA:7,0
DA:8,0
DA:9,0
DA:11,0
DA:13,0
DA:14,0
DA:16,0
DA:17,0
DA:20,0
DA:21,0
DA:27,0
DA:28,0
DA:29,0
DA:33,0
DA:47,0
LF:20
LH:0
BRDA:16,0,0,0
BRDA:28,1,0,0
BRF:2
BRH:0
end_of_record
TN:
SF:src\components\CharactersFilters.tsx
FN:11,(anonymous_0)
FN:13,(anonymous_1)
FN:14,(anonymous_2)
FN:29,(anonymous_3)
FN:38,(anonymous_4)
FN:63,(anonymous_5)
FN:71,(anonymous_6)
FN:77,(anonymous_7)
FN:96,(anonymous_8)
FN:149,(anonymous_9)
FN:154,(anonymous_10)
FN:164,(anonymous_11)
FN:169,(anonymous_12)
FN:179,(anonymous_13)
FN:184,(anonymous_14)
FNF:15
FNH:0
FNDA:0,(anonymous_0)
FNDA:0,(anonymous_1)
FNDA:0,(anonymous_2)
FNDA:0,(anonymous_3)
FNDA:0,(anonymous_4)
FNDA:0,(anonymous_5)
FNDA:0,(anonymous_6)
FNDA:0,(anonymous_7)
FNDA:0,(anonymous_8)
FNDA:0,(anonymous_9)
FNDA:0,(anonymous_10)
FNDA:0,(anonymous_11)
FNDA:0,(anonymous_12)
FNDA:0,(anonymous_13)
FNDA:0,(anonymous_14)
DA:1,0
DA:2,0
DA:3,0
DA:4,0
DA:11,0
DA:12,0
DA:13,0
DA:14,0
DA:23,0
DA:25,0
DA:26,0
DA:27,0
DA:29,0
DA:30,0
DA:31,0
DA:32,0
DA:33,0
DA:37,0
DA:38,0
DA:62,0
DA:64,0
DA:65,0
DA:70,0
DA:72,0
DA:77,0
DA:78,0
DA:79,0
DA:80,0
DA:82,0
DA:96,0
DA:97,0
DA:98,0
DA:99,0
DA:101,0
DA:103,0
DA:106,0
DA:113,0
DA:119,0
DA:124,0
DA:150,0
DA:154,0
DA:165,0
DA:169,0
DA:180,0
DA:184,0
DA:214,0
LF:46
LH:0
BRDA:30,0,0,0
BRDA:65,1,0,0
BRDA:65,1,1,0
BRDA:78,2,0,0
BRDA:79,3,0,0
BRDA:80,4,0,0
BRDA:153,5,0,0
BRDA:153,5,1,0
BRDA:168,6,0,0
BRDA:168,6,1,0
BRDA:183,7,0,0
BRDA:183,7,1,0
BRF:12
BRH:0
end_of_record
TN:
SF:src\interfaces\Characters.ts
FNF:0
FNH:0
DA:34,0
LF:1
LH:0
BRF:0
BRH:0
end_of_record
TN:
SF:src\stores\useCounterStore.ts
FN:9,(anonymous_0)
FN:11,(anonymous_1)
FN:11,(anonymous_2)
FN:12,(anonymous_3)
FN:12,(anonymous_4)
FNF:5
FNH:0
FNDA:0,(anonymous_0)
FNDA:0,(anonymous_1)
FNDA:0,(anonymous_2)
FNDA:0,(anonymous_3)
FNDA:0,(anonymous_4)
DA:1,0
DA:9,0
DA:11,0
DA:12,0
DA:15,0
LF:5
LH:0
BRF:0
BRH:0
end_of_record
