TN:
SF:src\app\App.tsx
FN:7,App
FN:10,(anonymous_2)
FN:11,(anonymous_3)
FNF:3
FNH:0
FNDA:0,App
FNDA:0,(anonymous_2)
FNDA:0,(anonymous_3)
DA:1,0
DA:2,0
DA:3,0
DA:4,0
DA:8,0
DA:10,0
DA:11,0
DA:13,0
DA:34,0
DA:47,0
LF:10
LH:0
BRF:0
BRH:0
end_of_record
TN:
SF:src\app\main.tsx
FNF:0
FNH:0
DA:1,0
DA:2,0
DA:3,0
DA:4,0
DA:5,0
DA:7,0
LF:6
LH:0
BRF:0
BRH:0
end_of_record
TN:
SF:src\components\CharacterCard.tsx
FN:12,(anonymous_10)
FN:16,(anonymous_11)
FN:21,(anonymous_12)
FN:22,(anonymous_13)
FN:25,(anonymous_14)
FNF:5
FNH:5
FNDA:6,(anonymous_10)
FNDA:1,(anonymous_11)
FNDA:6,(anonymous_12)
FNDA:2,(anonymous_13)
FNDA:2,(anonymous_14)
DA:1,1
DA:2,1
DA:4,1
DA:5,1
DA:12,1
DA:16,6
DA:17,1
DA:20,6
DA:21,6
DA:22,6
DA:25,6
DA:26,2
DA:27,2
DA:28,1
DA:30,1
DA:34,6
DA:91,1
LF:17
LH:17
BRDA:22,0,0,6
BRDA:22,0,1,4
BRDA:27,1,0,1
BRDA:27,1,1,1
BRDA:49,2,0,2
BRDA:49,2,1,4
BRF:6
BRH:6
end_of_record
TN:
SF:src\components\CharacterDetails.tsx
FN:13,(anonymous_10)
FNF:1
FNH:1
FNDA:5,(anonymous_10)
DA:1,1
DA:2,1
DA:4,1
DA:5,1
DA:13,1
DA:18,5
DA:19,5
DA:124,1
LF:8
LH:8
BRF:0
BRH:0
end_of_record
TN:
SF:src\components\CharacterSearcher.tsx
FN:6,(anonymous_10)
FN:12,(anonymous_11)
FN:20,(anonymous_12)
FN:27,(anonymous_13)
FNF:4
FNH:4
FNDA:11,(anonymous_10)
FNDA:2,(anonymous_11)
FNDA:2,(anonymous_12)
FNDA:6,(anonymous_13)
DA:1,1
DA:2,1
DA:3,1
DA:4,1
DA:6,1
DA:7,11
DA:8,11
DA:9,11
DA:11,11
DA:13,2
DA:14,2
DA:16,2
DA:17,0
DA:20,2
DA:21,2
DA:27,11
DA:28,6
DA:29,4
DA:33,11
DA:48,1
LF:20
LH:19
BRDA:16,0,0,0
BRDA:28,1,0,4
BRF:2
BRH:1
end_of_record
TN:
SF:src\components\CharactersFilters.tsx
FN:11,(anonymous_1)
FN:13,(anonymous_2)
FN:14,(anonymous_3)
FN:29,(anonymous_4)
FN:38,(anonymous_5)
FN:63,(anonymous_6)
FN:71,(anonymous_7)
FN:77,(anonymous_8)
FN:96,(anonymous_9)
FN:153,(anonymous_10)
FN:158,(anonymous_11)
FN:168,(anonymous_12)
FN:173,(anonymous_13)
FN:183,(anonymous_14)
FN:188,(anonymous_15)
FNF:15
FNH:15
FNDA:37,(anonymous_1)
FNDA:3,(anonymous_2)
FNDA:9,(anonymous_3)
FNDA:21,(anonymous_4)
FNDA:18,(anonymous_5)
FNDA:7,(anonymous_6)
FNDA:333,(anonymous_7)
FNDA:1,(anonymous_8)
FNDA:1,(anonymous_9)
FNDA:148,(anonymous_10)
FNDA:3,(anonymous_11)
FNDA:111,(anonymous_12)
FNDA:2,(anonymous_13)
FNDA:74,(anonymous_14)
FNDA:2,(anonymous_15)
DA:1,1
DA:2,1
DA:3,1
DA:4,1
DA:11,1
DA:12,37
DA:13,37
DA:14,37
DA:23,37
DA:25,37
DA:26,37
DA:27,37
DA:29,37
DA:30,21
DA:31,9
DA:32,9
DA:33,9
DA:37,37
DA:38,18
DA:62,37
DA:64,7
DA:65,7
DA:70,37
DA:72,333
DA:77,37
DA:78,1
DA:79,1
DA:80,1
DA:82,1
DA:96,37
DA:97,1
DA:98,1
DA:99,1
DA:101,1
DA:103,1
DA:106,37
DA:113,37
DA:119,37
DA:124,37
DA:126,37
DA:154,148
DA:158,3
DA:169,111
DA:173,2
DA:184,74
DA:188,2
DA:218,1
LF:47
LH:47
BRDA:30,0,0,9
BRDA:65,1,0,1
BRDA:65,1,1,6
BRDA:78,2,0,1
BRDA:79,3,0,1
BRDA:80,4,0,1
BRDA:157,5,0,12
BRDA:157,5,1,136
BRDA:172,6,0,8
BRDA:172,6,1,103
BRDA:187,7,0,7
BRDA:187,7,1,67
BRF:12
BRH:12
end_of_record
TN:
SF:src\interfaces\Characters.ts
FNF:0
FNH:0
DA:34,0
LF:1
LH:0
BRF:0
BRH:0
end_of_record
